[TEXT]
MissingRESMsg=Unable to locate the setup resource file:
MissingRESCap=Required Setup File Missing
[Defaults]
TempDirSize=1800
TempDirName=HPLJ45.T
AlwaysRunFromTemp=1
PIDFile=HPLJ45.PID
RESFile=SETUPRES.DLL
EXEFile=_SETUP16.EXE
LANGFile=HPLJ45.DLL
STATEFile=SETUP.STT
InitX=400
InitY=120
[SetupFiles]
README.PE_=README.PER
HPLJ45.DL_=HPLJ45.DLL
SETUP.ST_=SETUP.STT
UNINSTAL.UN_=UNINSTAL.UNI
UNINSTAL.ST_=UNINSTAL.STT
FONTSMRT.PE_=FONTSMRT.PER
PCL5DRV.PE_=PCL5DRV.PER
PSDRIVER.PE_=PSDRIVER.PER
ALLFONTS.TX_=ALLFONTS.TXT
MATCHFNT.TX_=MATCHFNT.TXT
XLDRIVER.PE_=XLDRIVER.PER
TOOLBOX.PE_=TOOLBOX.PER
COLA16.PE_=COLA16.PER
JETADMIN.PE_=JETADMIN.PER
HPUNINST.BBB=HPUNINST.BAT
readme45.wri=README45.WRI
BTL70L.DL_=BTL70L.DLL
RWTSD.EX_=RWTSD.EXE
BC500RTL.DL_=BC500RTL.DLL
_SETUP16.EX_=_SETUP16.EXE
RM45UN.EX_=RM45UN.EXE
[images]
size=8745984
