[TEXT]
MissingRESMsg=Unable to locate the setup resource file:
MissingRESCap=Required Setup File Missing
[Defaults]
TempDirSize=1500
TempDirName=HPLJ45.T
AlwaysRunFromTemp=1
PIDFile=HPLJ45.PID
RESFile=SETUPRES.DLL
EXEFile=_SETUP32.DLL
LANGFile=HPLJ45.DLL
STATEFile=SETUP.STT
InitX=500
InitY=120
[SetupFiles]
_SETUP32.DL_=_SETUP32.DLL
HPLJ45.DL_=HPLJ45.DLL
SETUP.ST_=SETUP.STT
UNINSTAL.UN_=UNINSTAL.UNI
UNINSTAL.ST_=UNINSTAL.STT
XLDRIVER.PE_=XLDRIVER.PER
ALLFONTS.TX_=ALLFONTS.TXT
MATCHFNT.TX_=MATCHFNT.TXT
COLA.PE_=COLA.PER
JETADMIN.PE_=JETADMIN.PER
HPLJ45.PID=HPLJ45.PID
HPUNINST.EX_=HPUNINST.EXE
README.PE_=README.PER
README45.WRI=README45.WRI
HPEXPAND.DL_=HPEXPAND.DLL
FONTSMRT.PE_=FONTSMRT.PER
PCL5DRV.PE_=PCL5DRV.PER
PSDRIVER.PE_=PSDRIVER.PER
TOOLBOX.PE_=TOOLBOX.PER
[images]
size=10203648
