[TEXT]
MissingRESMsg=Unable to locate the setup resource file:
MissingRESCap=Required Setup File Missing
[Defaults]
TempDirSize=1800
TempDirName=HPLJ45.T
AlwaysRunFromTemp=1
PIDFile=HPLJ45.PID
RESFile=SETUPRES.DLL
EXEFile=_SETUP32.DLL
LANGFile=HPLJ45.DLL
STATEFile=SETUP.STT
InitX=500
InitY=120
[SetupFiles]
_SETUP32.DL_=_SETUP32.DLL
HPLJ45.DL_=HPLJ45.DLL
SETUP.ST_=SETUP.STT
UNINSTAL.UN_=UNINSTAL.UNI
UNINSTAL.ST_=UNINSTAL.STT
FONTSMRT.PE_=FONTSMRT.PER
PSDRV40.PE_=PSDRV40.PER
HPUNINST.EX_=HPUNINST.EXE
HPLJ45.PID=HPLJ45.PID
PSDRV351.PE_=PSDRV351.PER
TOOLBOX.PE_=TOOLBOX.PER
JETADMIN.PE_=JETADMIN.PER
COLANT.PE_=COLANT.PER
README.PE_=README.PER
README45.WRI=README45.WRI
PCL5DRV.PE_=PCL5DRV.PER
allfonts.tx_=ALLFONTS.TXT
matchfnt.tx_=MATCHFNT.TXT
XLDRIVER.PE_=XLDRIVER.PER
HPEXPAND.DL_=HPEXPAND.DLL
PCL5351.PE_=PCL5351.PER
[images]
size=10203648
